<?xml version="1.0" encoding="UTF-8"?>
<testng-results ignored="0" total="2" passed="2" failed="0" skipped="0">
  <reporter-output>
  </reporter-output>
  <suite started-at="2024-04-02T22:19:45 IST" name="Default suite" finished-at="2024-04-02T22:19:45 IST" duration-ms="42">
    <groups>
    </groups>
    <test started-at="2024-04-02T22:19:45 IST" name="Default test" finished-at="2024-04-02T22:19:45 IST" duration-ms="42">
      <class name="TestPractice.TestDay1">
        <test-method signature="Second()[pri:0, instance:TestPractice.TestDay1@306f16f3]" started-at="2024-04-02T22:19:45 IST" name="Second" finished-at="2024-04-02T22:19:45 IST" duration-ms="9" status="PASS">
          <reporter-output>
          </reporter-output>
        </test-method> <!-- Second -->
        <test-method signature="first()[pri:1, instance:TestPractice.TestDay1@306f16f3]" started-at="2024-04-02T22:19:45 IST" name="first" finished-at="2024-04-02T22:19:45 IST" duration-ms="2" status="PASS">
          <reporter-output>
          </reporter-output>
        </test-method> <!-- first -->
      </class> <!-- TestPractice.TestDay1 -->
    </test> <!-- Default test -->
  </suite> <!-- Default suite -->
</testng-results>
